<?xml version="1.0" encoding="UTF-8"?>
<!-- Generated by org.testng.reporters.JUnitReportReporter -->
<testsuite hostname="DESKTOP-P2EV8SP" name="com.yelptest.AppTest" tests="2" failures="0" timestamp="29 Jun 2017 14:09:33 GMT" time="259.529" errors="0">
  <testcase name="Yelp_Test" time="131.231" classname="com.yelptest.AppTest"/>
  <testcase name="Yelp_Test" time="128.298" classname="com.yelptest.AppTest"/>
</testsuite> <!-- com.yelptest.AppTest -->
